	Command being timed: "java -jar AsmetaS.jar -rnd -shuffle -ne filosofi/philosophers_fuzzer.asm"
	User time (seconds): 165.12
	System time (seconds): 2.54
	Percent of CPU this job got: 106%
	Elapsed (wall clock) time (h:mm:ss or m:ss): 2:37.41
	Average shared text size (kbytes): 0
	Average unshared data size (kbytes): 0
	Average stack size (kbytes): 0
	Average total size (kbytes): 0
	Maximum resident set size (kbytes): 667672
	Average resident set size (kbytes): 0
	Major (requiring I/O) page faults: 1
	Minor (reclaiming a frame) page faults: 177315
	Voluntary context switches: 91531
	Involuntary context switches: 3008
	Swaps: 0
	File system inputs: 16
	File system outputs: 6223112
	Socket messages sent: 0
	Socket messages received: 0
	Signals delivered: 0
	Page size (bytes): 4096
	Exit status: 0
