	Command being timed: "java -jar AsmetaS.jar -rnd -shuffle -ne filosofi/philosophers_fuzzer.asm"
	User time (seconds): 15.60
	System time (seconds): 0.44
	Percent of CPU this job got: 135%
	Elapsed (wall clock) time (h:mm:ss or m:ss): 0:11.85
	Average shared text size (kbytes): 0
	Average unshared data size (kbytes): 0
	Average stack size (kbytes): 0
	Average total size (kbytes): 0
	Maximum resident set size (kbytes): 633928
	Average resident set size (kbytes): 0
	Major (requiring I/O) page faults: 1
	Minor (reclaiming a frame) page faults: 157767
	Voluntary context switches: 8705
	Involuntary context switches: 289
	Swaps: 0
	File system inputs: 64
	File system outputs: 411280
	Socket messages sent: 0
	Socket messages received: 0
	Signals delivered: 0
	Page size (bytes): 4096
	Exit status: 0
