	Command being timed: "java -jar AsmetaS.jar -rnd -shuffle -ne filosofi/philosophers_fuzzer_hyperproperty.asm"
	User time (seconds): 8.89
	System time (seconds): 0.35
	Percent of CPU this job got: 190%
	Elapsed (wall clock) time (h:mm:ss or m:ss): 0:04.86
	Average shared text size (kbytes): 0
	Average unshared data size (kbytes): 0
	Average stack size (kbytes): 0
	Average total size (kbytes): 0
	Maximum resident set size (kbytes): 527544
	Average resident set size (kbytes): 0
	Major (requiring I/O) page faults: 1
	Minor (reclaiming a frame) page faults: 140324
	Voluntary context switches: 4202
	Involuntary context switches: 161
	Swaps: 0
	File system inputs: 64
	File system outputs: 30392
	Socket messages sent: 0
	Socket messages received: 0
	Signals delivered: 0
	Page size (bytes): 4096
	Exit status: 0
