	Command being timed: "./NuSMV -bmc -bmc_length 400 ../../../asmeta_linux_x86_64/workspace/filosofi/philosophers9.smv"
	User time (seconds): 21220.35
	System time (seconds): 27.78
	Percent of CPU this job got: 99%
	Elapsed (wall clock) time (h:mm:ss or m:ss): 5:54:18
	Average shared text size (kbytes): 0
	Average unshared data size (kbytes): 0
	Average stack size (kbytes): 0
	Average total size (kbytes): 0
	Maximum resident set size (kbytes): 202276
	Average resident set size (kbytes): 0
	Major (requiring I/O) page faults: 0
	Minor (reclaiming a frame) page faults: 180788
	Voluntary context switches: 2
	Involuntary context switches: 178332
	Swaps: 0
	File system inputs: 0
	File system outputs: 24
	Socket messages sent: 0
	Socket messages received: 0
	Signals delivered: 0
	Page size (bytes): 4096
	Exit status: 0
