*** This is NuSMV 2.7.1 (compiled on Mon Sep 29 15:48:16 2025)
*** Enabled addons are: compass
*** For more information on NuSMV see <http://nusmv.fbk.eu>
*** or email to <nusmv-users@list.fbk.eu>.
*** Please report bugs to <Please report bugs to <nusmv-users@fbk.eu>>

*** Copyright (c) 2010-2025, Fondazione Bruno Kessler

*** This version of NuSMV is linked to the CUDD library version 2.4.1
*** Copyright (c) 1995-2004, Regents of the University of Colorado

*** This version of NuSMV is linked to the MiniSat SAT solver. 
*** See http://minisat.se/MiniSat.html
*** Copyright (c) 2003-2006, Niklas Een, Niklas Sorensson
*** Copyright (c) 2007-2010, Niklas Sorensson

-- no counterexample found with bound 0
-- no counterexample found with bound 1
-- no counterexample found with bound 2
-- no counterexample found with bound 3
-- no counterexample found with bound 4
-- no counterexample found with bound 5
-- no counterexample found with bound 6
-- no counterexample found with bound 7
-- no counterexample found with bound 8
-- no counterexample found with bound 9
-- no counterexample found with bound 10
-- no counterexample found with bound 11
-- no counterexample found with bound 12
-- no counterexample found with bound 13
-- no counterexample found with bound 14
-- no counterexample found with bound 15
-- no counterexample found with bound 16
-- no counterexample found with bound 17
-- no counterexample found with bound 18
-- no counterexample found with bound 19
-- specification  G (((((((hungry_1 | hungry_3) | hungry_2) | hungry_5) | hungry_4) | hungry_7) | hungry_6) | hungry_8)    is false
-- as demonstrated by the following execution sequence
Trace Description: BMC Counterexample 
Trace Type: Counterexample 
  -> State: 1.1 <-
    eating_1 = FALSE
    eating_2 = FALSE
    eating_3 = FALSE
    eating_4 = FALSE
    eating_5 = FALSE
    eating_6 = FALSE
    eating_7 = FALSE
    eating_8 = FALSE
    hungry_1 = TRUE
    hungry_2 = TRUE
    hungry_3 = TRUE
    hungry_4 = TRUE
    hungry_5 = TRUE
    hungry_6 = TRUE
    hungry_7 = TRUE
    hungry_8 = TRUE
    owner_1 = -2147483647
    owner_2 = -2147483647
    owner_3 = -2147483647
    owner_4 = -2147483647
    owner_5 = -2147483647
    owner_6 = -2147483647
    owner_7 = -2147483647
    owner_8 = -2147483647
    var_$didIeatEnought2627_1 = FALSE
    var_$p_0 = 7
    right_fork_8 = 1
    right_fork_7 = 8
    right_fork_6 = 7
    right_fork_5 = 6
    right_fork_4 = 5
    right_fork_3 = 4
    right_fork_2 = 3
    right_fork_1 = 2
    left_fork_8 = 7
    left_fork_7 = 6
    left_fork_6 = 5
    left_fork_5 = 4
    left_fork_4 = 3
    left_fork_3 = 2
    left_fork_2 = 1
    left_fork_1 = 8
  -> State: 1.2 <-
    eating_7 = TRUE
    owner_6 = 7
    owner_8 = 7
    var_$p_0 = 8
  -> State: 1.3 <-
    eating_8 = TRUE
    owner_1 = 8
    owner_7 = 8
    var_$didIeatEnought2627_1 = TRUE
  -> State: 1.4 <-
    hungry_8 = FALSE
    var_$p_0 = 7
  -> State: 1.5 <-
    hungry_7 = FALSE
    var_$didIeatEnought2627_1 = FALSE
  -> State: 1.6 <-
    eating_7 = FALSE
    owner_6 = -2147483647
    owner_8 = -2147483647
    var_$p_0 = 3
  -> State: 1.7 <-
    eating_3 = TRUE
    owner_2 = 3
    owner_4 = 3
    var_$didIeatEnought2627_1 = TRUE
  -> State: 1.8 <-
    hungry_3 = FALSE
    var_$didIeatEnought2627_1 = FALSE
  -> State: 1.9 <-
    eating_3 = FALSE
    owner_2 = -2147483647
    owner_4 = -2147483647
    var_$p_0 = 1
  -> State: 1.10 <-
    eating_1 = TRUE
    owner_2 = 1
    owner_8 = 1
    var_$didIeatEnought2627_1 = TRUE
  -> State: 1.11 <-
    hungry_1 = FALSE
    var_$didIeatEnought2627_1 = FALSE
    var_$p_0 = 8
  -> State: 1.12 <-
    eating_8 = FALSE
    owner_1 = -2147483647
    owner_7 = -2147483647
    var_$p_0 = 4
  -> State: 1.13 <-
    eating_4 = TRUE
    owner_3 = 4
    owner_5 = 4
    var_$didIeatEnought2627_1 = TRUE
  -> State: 1.14 <-
    hungry_4 = FALSE
    var_$didIeatEnought2627_1 = FALSE
  -> State: 1.15 <-
    eating_4 = FALSE
    owner_3 = -2147483647
    owner_5 = -2147483647
    var_$p_0 = 2
  -> State: 1.16 <-
    eating_2 = TRUE
    owner_1 = 2
    owner_3 = 2
    var_$didIeatEnought2627_1 = TRUE
  -> State: 1.17 <-
    hungry_2 = FALSE
    var_$didIeatEnought2627_1 = FALSE
    var_$p_0 = 6
  -> State: 1.18 <-
    eating_6 = TRUE
    owner_5 = 6
    owner_7 = 6
    var_$didIeatEnought2627_1 = TRUE
  -> State: 1.19 <-
    hungry_6 = FALSE
    var_$didIeatEnought2627_1 = FALSE
    var_$p_0 = 5
  -> State: 1.20 <-
    eating_5 = TRUE
    owner_4 = 5
    owner_6 = 5
    var_$didIeatEnought2627_1 = TRUE
  -> State: 1.21 <-
    hungry_5 = FALSE
    var_$didIeatEnought2627_1 = FALSE
    var_$p_0 = 6
