Command terminated by signal 2
	Command being timed: "./NuSMV -bmc -bmc_length 400 ../../../asmeta_linux_x86_64/workspace/filosofi/philosophers10.smv"
	User time (seconds): 143803.61
	System time (seconds): 108.99
	Percent of CPU this job got: 99%
	Elapsed (wall clock) time (h:mm:ss or m:ss): 39:59:08
	Average shared text size (kbytes): 0
	Average unshared data size (kbytes): 0
	Average stack size (kbytes): 0
	Average total size (kbytes): 0
	Maximum resident set size (kbytes): 536268
	Average resident set size (kbytes): 0
	Major (requiring I/O) page faults: 0
	Minor (reclaiming a frame) page faults: 41314567
	Voluntary context switches: 4
	Involuntary context switches: 1129451
	Swaps: 0
	File system inputs: 0
	File system outputs: 8
	Socket messages sent: 0
	Socket messages received: 0
	Signals delivered: 0
	Page size (bytes): 4096
	Exit status: 0
