*** This is NuSMV 2.6.0 (compiled on Wed Oct 14 15:36:56 2015)
*** Enabled addons are: compass
*** For more information on NuSMV see <http://nusmv.fbk.eu>
*** or email to <nusmv-users@list.fbk.eu>.
*** Please report bugs to <Please report bugs to <nusmv-users@fbk.eu>>

*** Copyright (c) 2010-2014, Fondazione Bruno Kessler

*** This version of NuSMV is linked to the CUDD library version 2.4.1
*** Copyright (c) 1995-2004, Regents of the University of Colorado

*** This version of NuSMV is linked to the MiniSat SAT solver. 
*** See http://minisat.se/MiniSat.html
*** Copyright (c) 2003-2006, Niklas Een, Niklas Sorensson
*** Copyright (c) 2007-2010, Niklas Sorensson

-- specification AG ((((hungry_1 | hungry_3) | hungry_2) | hungry_5) | hungry_4)  is false
-- as demonstrated by the following execution sequence
Trace Description: CTL Counterexample 
Trace Type: Counterexample 
  -> State: 1.1 <-
    eating_1 = FALSE
    eating_2 = FALSE
    eating_3 = FALSE
    eating_4 = FALSE
    eating_5 = FALSE
    hungry_1 = TRUE
    hungry_2 = TRUE
    hungry_3 = TRUE
    hungry_4 = TRUE
    hungry_5 = TRUE
    owner_1 = -2147483647
    owner_2 = -2147483647
    owner_3 = -2147483647
    owner_4 = -2147483647
    owner_5 = -2147483647
    var_$didIeatEnought2223_1 = FALSE
    var_$p_0 = 1
    right_fork_5 = 1
    right_fork_4 = 5
    right_fork_3 = 4
    right_fork_2 = 3
    right_fork_1 = 2
    left_fork_5 = 4
    left_fork_4 = 3
    left_fork_3 = 2
    left_fork_2 = 1
    left_fork_1 = 5
  -> State: 1.2 <-
    eating_1 = TRUE
    owner_2 = 1
    owner_5 = 1
    var_$didIeatEnought2223_1 = TRUE
  -> State: 1.3 <-
    hungry_1 = FALSE
    var_$didIeatEnought2223_1 = FALSE
  -> State: 1.4 <-
    eating_1 = FALSE
    owner_2 = -2147483647
    owner_5 = -2147483647
    var_$p_0 = 4
  -> State: 1.5 <-
    eating_4 = TRUE
    owner_3 = 4
    owner_5 = 4
    var_$p_0 = 5
  -> State: 1.6 <-
    eating_5 = TRUE
    owner_1 = 5
    owner_4 = 5
    var_$didIeatEnought2223_1 = TRUE
  -> State: 1.7 <-
    hungry_5 = FALSE
    var_$p_0 = 4
  -> State: 1.8 <-
    hungry_4 = FALSE
    var_$didIeatEnought2223_1 = FALSE
    var_$p_0 = 5
  -> State: 1.9 <-
    eating_5 = FALSE
    owner_1 = -2147483647
    owner_4 = -2147483647
    var_$p_0 = 4
  -> State: 1.10 <-
    eating_4 = FALSE
    owner_3 = -2147483647
    owner_5 = -2147483647
    var_$p_0 = 2
  -> State: 1.11 <-
    eating_2 = TRUE
    owner_1 = 2
    owner_3 = 2
    var_$p_0 = 3
  -> State: 1.12 <-
    eating_3 = TRUE
    owner_2 = 3
    owner_4 = 3
    var_$didIeatEnought2223_1 = TRUE
  -> State: 1.13 <-
    hungry_3 = FALSE
    var_$p_0 = 2
  -> State: 1.14 <-
    hungry_2 = FALSE
    var_$didIeatEnought2223_1 = FALSE
    var_$p_0 = 1
