	Command being timed: "java -jar AsmetaS.jar -rnd -shuffle -ne NeedhamSchroederProtocol/github/NeedhamSchroederSpy_Fuzzer.asm"
	User time (seconds): 9.61
	System time (seconds): 0.46
	Percent of CPU this job got: 106%
	Elapsed (wall clock) time (h:mm:ss or m:ss): 0:09.49
	Average shared text size (kbytes): 0
	Average unshared data size (kbytes): 0
	Average stack size (kbytes): 0
	Average total size (kbytes): 0
	Maximum resident set size (kbytes): 653864
	Average resident set size (kbytes): 0
	Major (requiring I/O) page faults: 0
	Minor (reclaiming a frame) page faults: 166600
	Voluntary context switches: 5142
	Involuntary context switches: 4248
	Swaps: 0
	File system inputs: 0
	File system outputs: 1496
	Socket messages sent: 0
	Socket messages received: 0
	Signals delivered: 0
	Page size (bytes): 4096
	Exit status: 0
