	Command being timed: "java -jar AsmetaS.jar -rnd -shuffle -ne NeedhamSchroederProtocol/github/NeedhamSchroederSpy_Fuzzer.asm"
	User time (seconds): 178.22
	System time (seconds): 0.80
	Percent of CPU this job got: 102%
	Elapsed (wall clock) time (h:mm:ss or m:ss): 2:55.34
	Average shared text size (kbytes): 0
	Average unshared data size (kbytes): 0
	Average stack size (kbytes): 0
	Average total size (kbytes): 0
	Maximum resident set size (kbytes): 804544
	Average resident set size (kbytes): 0
	Major (requiring I/O) page faults: 191
	Minor (reclaiming a frame) page faults: 205926
	Voluntary context switches: 37648
	Involuntary context switches: 9642
	Swaps: 0
	File system inputs: 6568
	File system outputs: 7592
	Socket messages sent: 0
	Socket messages received: 0
	Signals delivered: 0
	Page size (bytes): 4096
	Exit status: 0
