	Command being timed: "java -jar AsmetaS.jar -rnd -shuffle -ne NeedhamSchroederProtocol/github/NeedhamSchroederSpy_Fuzzer.asm"
	User time (seconds): 4092.05
	System time (seconds): 9.32
	Percent of CPU this job got: 100%
	Elapsed (wall clock) time (h:mm:ss or m:ss): 1:08:12
	Average shared text size (kbytes): 0
	Average unshared data size (kbytes): 0
	Average stack size (kbytes): 0
	Average total size (kbytes): 0
	Maximum resident set size (kbytes): 773984
	Average resident set size (kbytes): 0
	Major (requiring I/O) page faults: 5
	Minor (reclaiming a frame) page faults: 205639
	Voluntary context switches: 715627
	Involuntary context switches: 164912
	Swaps: 0
	File system inputs: 0
	File system outputs: 40592
	Socket messages sent: 0
	Socket messages received: 0
	Signals delivered: 0
	Page size (bytes): 4096
	Exit status: 0
