	Command being timed: "java -jar AsmetaS.jar -rnd -shuffle -ne NeedhamSchroederProtocol/github/NeedhamSchroederSpy_Fuzzer.asm"
	User time (seconds): 1819.18
	System time (seconds): 4.01
	Percent of CPU this job got: 99%
	Elapsed (wall clock) time (h:mm:ss or m:ss): 30:23.57
	Average shared text size (kbytes): 0
	Average unshared data size (kbytes): 0
	Average stack size (kbytes): 0
	Average total size (kbytes): 0
	Maximum resident set size (kbytes): 746112
	Average resident set size (kbytes): 0
	Major (requiring I/O) page faults: 12
	Minor (reclaiming a frame) page faults: 191492
	Voluntary context switches: 306104
	Involuntary context switches: 106766
	Swaps: 0
	File system inputs: 0
	File system outputs: 19008
	Socket messages sent: 0
	Socket messages received: 0
	Signals delivered: 0
	Page size (bytes): 4096
	Exit status: 0
